<?xml version="1.0" encoding="UTF-8"?>
<testng-results ignored="0" total="2" passed="2" failed="0" skipped="0">
  <reporter-output>
  </reporter-output>
  <suite started-at="2021-02-06T06:40:35 EST" name="Default suite" finished-at="2021-02-06T06:40:54 EST" duration-ms="18274">
    <groups>
    </groups>
    <test started-at="2021-02-06T06:40:35 EST" name="Default test" finished-at="2021-02-06T06:40:54 EST" duration-ms="18274">
      <class name="walmart.testcases.Signup">
        <test-method is-config="true" signature="startup()[pri:0, instance:walmart.testcases.Signup@12e61fe6]" started-at="2021-02-06T06:40:36 EST" name="startup" finished-at="2021-02-06T06:40:43 EST" duration-ms="7060" status="PASS">
          <reporter-output>
          </reporter-output>
        </test-method> <!-- startup -->
        <test-method signature="login(java.lang.String, java.lang.String, java.lang.String, java.lang.String)[pri:0, instance:walmart.testcases.Signup@12e61fe6]" started-at="2021-02-06T06:40:43 EST" name="login" data-provider="accessdata" finished-at="2021-02-06T06:40:44 EST" duration-ms="1087" status="PASS">
          <params>
            <param index="0">
              <value>
                <![CDATA[raman]]>
              </value>
            </param>
            <param index="1">
              <value>
                <![CDATA[kaur]]>
              </value>
            </param>
            <param index="2">
              <value>
                <![CDATA[aaki@gmail.com]]>
              </value>
            </param>
            <param index="3">
              <value>
                <![CDATA[Raman@1234]]>
              </value>
            </param>
          </params>
          <reporter-output>
          </reporter-output>
        </test-method> <!-- login -->
        <test-method is-config="true" signature="quit()[pri:0, instance:walmart.testcases.Signup@12e61fe6]" started-at="2021-02-06T06:40:44 EST" name="quit" finished-at="2021-02-06T06:40:45 EST" duration-ms="713" status="PASS">
          <reporter-output>
          </reporter-output>
        </test-method> <!-- quit -->
        <test-method is-config="true" signature="startup()[pri:0, instance:walmart.testcases.Signup@12e61fe6]" started-at="2021-02-06T06:40:45 EST" name="startup" finished-at="2021-02-06T06:40:52 EST" duration-ms="7122" status="PASS">
          <reporter-output>
          </reporter-output>
        </test-method> <!-- startup -->
        <test-method signature="login(java.lang.String, java.lang.String, java.lang.String, java.lang.String)[pri:0, instance:walmart.testcases.Signup@12e61fe6]" started-at="2021-02-06T06:40:52 EST" name="login" data-provider="accessdata" finished-at="2021-02-06T06:40:53 EST" duration-ms="1074" status="PASS">
          <params>
            <param index="0">
              <value>
                <![CDATA[jot]]>
              </value>
            </param>
            <param index="1">
              <value>
                <![CDATA[raman]]>
              </value>
            </param>
            <param index="2">
              <value>
                <![CDATA[Bye@gmail.com]]>
              </value>
            </param>
            <param index="3">
              <value>
                <![CDATA[Raman@12345]]>
              </value>
            </param>
          </params>
          <reporter-output>
          </reporter-output>
        </test-method> <!-- login -->
        <test-method is-config="true" signature="quit()[pri:0, instance:walmart.testcases.Signup@12e61fe6]" started-at="2021-02-06T06:40:53 EST" name="quit" finished-at="2021-02-06T06:40:54 EST" duration-ms="770" status="PASS">
          <reporter-output>
          </reporter-output>
        </test-method> <!-- quit -->
      </class> <!-- walmart.testcases.Signup -->
    </test> <!-- Default test -->
  </suite> <!-- Default suite -->
</testng-results>
